<?xml version="1.0" encoding="UTF-8"?>
<!-- Generated by org.testng.reporters.JUnitXMLReporter -->
<testsuite ignored="2" hostname="DESKTOP-4L4F65Q" failures="0" tests="2" name="Default test" time="63.194" errors="0" timestamp="2024-04-16T19:19:36 IST">
  <testcase classname="transactions.Tc_003_OtherPurchases" name="login" time="5.094"/>
  <testcase classname="transactions.Tc_003_OtherPurchases" name="expensesYesItcNo" time="56.338"/>
  <testcase classname="transactions.Tc_003_OtherPurchases" name="expencesYesItcYes" time="0.0">
    <ignored/>
  </testcase> <!-- expencesYesItcYes -->
  <testcase classname="transactions.Tc_003_OtherPurchases" name="expensesNo" time="0.0">
    <ignored/>
  </testcase> <!-- expensesNo -->
</testsuite> <!-- Default test -->
